<?xml version="1.0" encoding="UTF-8" ?>
<testsuites errors="2"
            failures="1"
            tests="1">

  <testsuite name="signInTest2"
    errors="2" failures="1" hostname="" id="" package="signInTest2" skipped="1"
    tests="1" time="30.84" timestamp="">
  
    <testcase name="Try Login with Valid Credentials" classname="signInTest2" time="15.42" assertions="1">  <failure message="Test in 5000ms - expected &#34;is &#39;NashTech QA |Go1%&#39;&#34; but got: &#34;&#34; (5171ms)">    at Try Login with Valid Credentials (/home/knoldus/Desktop/First_Nightwatch_Framework-add-LogIn-tests/tests/signInTest2.js:22:17)</failure>

    
    <error message="no such window: target window already closed
from unknown error: web view not found
  (Session info: chrome=122.0.6261.69)" type="error"><![CDATA[
    NoSuchWindowError: no such window: target window already closed
from unknown error: web view not found
  (Session info: chrome=122.0.6261.69)
    at Object.throwDecodedError (/home/knoldus/node_modules/selenium-webdriver/lib/error.js:524:15)
    at parseHttpResponse (/home/knoldus/node_modules/selenium-webdriver/lib/http.js:601:13)
    at Executor.execute (/home/knoldus/node_modules/selenium-webdriver/lib/http.js:529:28)
    at process.processTicksAndRejections (node:internal/process/task_queues:95:5)
    at async Driver.execute (/home/knoldus/node_modules/selenium-webdriver/lib/webdriver.js:745:17)
    at async MethodMappings.getPageTitle (/home/knoldus/node_modules/nightwatch/lib/transport/selenium-webdriver/method-mappings.js:216:25)
    at async /home/knoldus/node_modules/nightwatch/lib/transport/selenium-webdriver/actions.js:69:18
    ]]></error>
    
    </testcase>
  

  
    <system-err>
       TimeoutError
   An error occurred while running .click() command on &lt;Element [name=@signInButton]&gt;: element click intercepted: Element &lt;input tabindex=&#34;4&#34; class=&#34;pf-c-button pf-m-primary pf-m-block btn-lg&#34; name=&#34;login&#34; id=&#34;kc-login&#34; type=&#34;submit&#34; value=&#34;Sign In&#34;&gt; is not clickable at point (1666, 864). Other element would receive the click: &lt;div class=&#34;col-xl-5 col-lg-5 col-md-12 col-sm-12 col-xs-12 rightdiv&#34;&gt;...&lt;/div&gt;
  (Session info: chrome=122.0.6261.69)
    {&#34;error&#34;:{&#34;name&#34;:&#34;ElementClickInterceptedError&#34;,&#34;remoteStacktrace&#34;:&#34;&#34;},&#34;status&#34;:-1,&#34;value&#34;:null}

    Error location:
    /home/knoldus/Desktop/First_Nightwatch_Framework-add-LogIn-tests/tests/signInTest2.js:21
    –––––––––––––––––––––––––––––––––––––––––––––––––––––––––––––––––––––––––––––––––––––––
     19 |         .setEmailValue(&#34;@userNameInputBox&#34;,data.signInData.email)
     20 |         .setPasswordValue(data.signInData.password)
     21 |         .clickSignInButton() 
     22 |         .assert.titleEquals(&#34;NashTech QA |Go1%&#34;,&#34;Test&#34;,&#34;Testing Login with Valid Email and Invalid Password&#34;)
     23 |         .saveScreenshot(&#34;tests_output/ValidSignIn.png&#34;);
    –––––––––––––––––––––––––––––––––––––––––––––––––––––––––––––––––––––––––––––––––––––––

 NoSuchWindowError
   no such window: target window already closed
from unknown error: web view not found
  (Session info: chrome=122.0.6261.69)
    </system-err>
  

    

  
    
    <testcase
      name="Try Login with Valid Email and Invalid Password " classname="signInTest2">
      <skipped />
    </testcase>
    
  
  </testsuite>
</testsuites>
